C:\Users\Administrator\Desktop\trackpad-ab10be2e7f2ac3061513cd49faa9e9e76fd516e7\Windows\TrackPad\Debug\cl.command.1.tlog
C:\Users\Administrator\Desktop\trackpad-ab10be2e7f2ac3061513cd49faa9e9e76fd516e7\Windows\TrackPad\Debug\CL.read.1.tlog
C:\Users\Administrator\Desktop\trackpad-ab10be2e7f2ac3061513cd49faa9e9e76fd516e7\Windows\TrackPad\Debug\CL.write.1.tlog
C:\USERS\ADMINISTRATOR\DESKTOP\TRACKPAD-AB10BE2E7F2AC3061513CD49FAA9E9E76FD516E7\WINDOWS\TRACKPAD\DEBUG\CUSTOMSOCKET.OBJ
C:\Users\Administrator\Desktop\trackpad-ab10be2e7f2ac3061513cd49faa9e9e76fd516e7\Windows\TrackPad\Debug\link.command.1.tlog
C:\Users\Administrator\Desktop\trackpad-ab10be2e7f2ac3061513cd49faa9e9e76fd516e7\Windows\TrackPad\Debug\link.read.1.tlog
C:\Users\Administrator\Desktop\trackpad-ab10be2e7f2ac3061513cd49faa9e9e76fd516e7\Windows\TrackPad\Debug\link.write.1.tlog
C:\Users\Administrator\Desktop\trackpad-ab10be2e7f2ac3061513cd49faa9e9e76fd516e7\Windows\TrackPad\Debug\link-cvtres.read.1.tlog
C:\Users\Administrator\Desktop\trackpad-ab10be2e7f2ac3061513cd49faa9e9e76fd516e7\Windows\TrackPad\Debug\link-cvtres.write.1.tlog
C:\Users\Administrator\Desktop\trackpad-ab10be2e7f2ac3061513cd49faa9e9e76fd516e7\Windows\TrackPad\Debug\mt.command.1.tlog
C:\Users\Administrator\Desktop\trackpad-ab10be2e7f2ac3061513cd49faa9e9e76fd516e7\Windows\TrackPad\Debug\mt.read.1.tlog
C:\Users\Administrator\Desktop\trackpad-ab10be2e7f2ac3061513cd49faa9e9e76fd516e7\Windows\TrackPad\Debug\mt.write.1.tlog
C:\Users\Administrator\Desktop\trackpad-ab10be2e7f2ac3061513cd49faa9e9e76fd516e7\Windows\TrackPad\Debug\rc.command.1.tlog
C:\Users\Administrator\Desktop\trackpad-ab10be2e7f2ac3061513cd49faa9e9e76fd516e7\Windows\TrackPad\Debug\rc.read.1.tlog
C:\Users\Administrator\Desktop\trackpad-ab10be2e7f2ac3061513cd49faa9e9e76fd516e7\Windows\TrackPad\Debug\rc.write.1.tlog
C:\USERS\ADMINISTRATOR\DESKTOP\TRACKPAD-AB10BE2E7F2AC3061513CD49FAA9E9E76FD516E7\WINDOWS\TRACKPAD\DEBUG\STDAFX.OBJ
C:\USERS\ADMINISTRATOR\DESKTOP\TRACKPAD-AB10BE2E7F2AC3061513CD49FAA9E9E76FD516E7\WINDOWS\TRACKPAD\DEBUG\TRACKPAD.EXE.EMBED.MANIFEST
C:\USERS\ADMINISTRATOR\DESKTOP\TRACKPAD-AB10BE2E7F2AC3061513CD49FAA9E9E76FD516E7\WINDOWS\TRACKPAD\DEBUG\TRACKPAD.EXE.EMBED.MANIFEST.RES
C:\Users\Administrator\Desktop\trackpad-ab10be2e7f2ac3061513cd49faa9e9e76fd516e7\Windows\TrackPad\Debug\TrackPad.exe.intermediate.manifest
C:\USERS\ADMINISTRATOR\DESKTOP\TRACKPAD-AB10BE2E7F2AC3061513CD49FAA9E9E76FD516E7\WINDOWS\TRACKPAD\DEBUG\TRACKPAD.OBJ
C:\USERS\ADMINISTRATOR\DESKTOP\TRACKPAD-AB10BE2E7F2AC3061513CD49FAA9E9E76FD516E7\WINDOWS\TRACKPAD\DEBUG\TRACKPAD.PCH
C:\Users\Administrator\Desktop\trackpad-ab10be2e7f2ac3061513cd49faa9e9e76fd516e7\Windows\TrackPad\Debug\TrackPad.pdb
C:\USERS\ADMINISTRATOR\DESKTOP\TRACKPAD-AB10BE2E7F2AC3061513CD49FAA9E9E76FD516E7\WINDOWS\TRACKPAD\DEBUG\TRACKPAD.RES
C:\Users\Administrator\Desktop\trackpad-ab10be2e7f2ac3061513cd49faa9e9e76fd516e7\Windows\TrackPad\Debug\TrackPad_manifest.rc
C:\USERS\ADMINISTRATOR\DESKTOP\TRACKPAD-AB10BE2E7F2AC3061513CD49FAA9E9E76FD516E7\WINDOWS\TRACKPAD\DEBUG\TRACKPADDLG.OBJ
C:\Users\Administrator\Desktop\trackpad-ab10be2e7f2ac3061513cd49faa9e9e76fd516e7\Windows\TrackPad\Debug\vc100.idb
C:\USERS\ADMINISTRATOR\DESKTOP\TRACKPAD-AB10BE2E7F2AC3061513CD49FAA9E9E76FD516E7\WINDOWS\TRACKPAD\DEBUG\VC100.PDB
